<?xml version="1.0" encoding="UTF-8"?>
<!-- Generated by org.testng.reporters.JUnitReportReporter -->
<testsuite hostname="Bangaru" failures="0" tests="1" name="myGroupId.Demo.AppTest" time="0.013" errors="0" timestamp="2022-02-17T11:58:20 IST" skipped="0">
  <testcase classname="myGroupId.Demo.AppTest" name="shouldAnswerWithTrue" time="0.013"/>
  <system-out/>
</testsuite> <!-- myGroupId.Demo.AppTest -->
